<?xml version="1.0" encoding="UTF-8"?>
<!-- Generated by org.testng.reporters.JUnitReportReporter -->
<testsuite skipped="0" hostname="WIN-UJSDDQRV49J" name="shop.ShopPageTests" tests="8" failures="0" timestamp="30 июл 2017 18:45:53 GMT" time="50.741" errors="0">
  <testcase name="qtySortingSavesOnOthersPages" time="12.309" classname="shop.ShopPageTests"/>
  <testcase name="checkThirdQtyOnPageSetting" time="3.789" classname="shop.ShopPageTests"/>
  <testcase name="topSearch" time="3.733" classname="shop.ShopPageTests"/>
  <testcase name="priceAreEqualOnShopPageAndOnProductsPage" time="5.592" classname="shop.ShopPageTests"/>
  <testcase name="checkPagination" time="12.647" classname="shop.ShopPageTests"/>
  <testcase name="checkFirstQtyOnPageSetting" time="4.741" classname="shop.ShopPageTests"/>
  <testcase name="checkSecondQtyOnPageSetting" time="4.253" classname="shop.ShopPageTests"/>
  <testcase name="leftSidebarSearch" time="3.677" classname="shop.ShopPageTests"/>
</testsuite> <!-- shop.ShopPageTests -->
