<?xml version="1.0" encoding="UTF-8"?>
<!-- Generated by org.testng.reporters.JUnitReportReporter -->
<testsuite skipped="0" hostname="WIN-UJSDDQRV49J" name="product_page.ProductPageTests" tests="2" failures="0" timestamp="08 авг 2017 12:06:06 GMT" time="48.577" errors="0">
  <testcase name="addToCartAndCheckCartCounter" time="32.076" classname="product_page.ProductPageTests"/>
  <testcase name="addToCartAndContinueShopping" time="16.501" classname="product_page.ProductPageTests"/>
</testsuite> <!-- product_page.ProductPageTests -->
