<?xml version="1.0" encoding="UTF-8"?>
<!-- Generated by org.testng.reporters.JUnitReportReporter -->
<testsuite skipped="0" hostname="WIN-UJSDDQRV49J" name="product_page.AddToCartTests" tests="1" failures="0" timestamp="29 июл 2017 15:59:59 GMT" time="10.201" errors="0">
  <testcase name="addToCart" time="10.201" classname="product_page.AddToCartTests"/>
</testsuite> <!-- product_page.AddToCartTests -->
