<?xml version="1.0" encoding="UTF-8"?>
<!-- Generated by org.testng.reporters.JUnitReportReporter -->
<testsuite skipped="0" hostname="WIN-UJSDDQRV49J" name="product_page.ProductsWithPromoTests" tests="5" failures="0" timestamp="30 июл 2017 18:45:53 GMT" time="21.929" errors="0">
  <testcase name="percentPromoPopupAppearsEveryTime" time="6.797" classname="product_page.ProductsWithPromoTests"/>
  <testcase name="amountPromoPopupAppearsEveryTime" time="6.829" classname="product_page.ProductsWithPromoTests"/>
  <testcase name="percentPromoValueInPopup" time="2.174" classname="product_page.ProductsWithPromoTests"/>
  <testcase name="amountPromoValueInPopup" time="2.553" classname="product_page.ProductsWithPromoTests"/>
  <testcase name="promoPopupIsPossibleToClose" time="3.576" classname="product_page.ProductsWithPromoTests"/>
</testsuite> <!-- product_page.ProductsWithPromoTests -->
