<?xml version="1.0" encoding="UTF-8"?>
<!-- Generated by org.testng.reporters.JUnitReportReporter -->
<testsuite skipped="0" hostname="WIN-UJSDDQRV49J" name="checkout.CheckoutPageTests" tests="2" failures="0" timestamp="08 авг 2017 12:06:06 GMT" time="12.140" errors="0">
  <testcase name="checkShippingPrice" time="5.669" classname="checkout.CheckoutPageTests"/>
  <testcase name="backToStore" time="6.471" classname="checkout.CheckoutPageTests"/>
</testsuite> <!-- checkout.CheckoutPageTests -->
