<?xml version="1.0" encoding="UTF-8"?>
<!-- Generated by org.testng.reporters.JUnitReportReporter -->
<testsuite skipped="0" hostname="WIN-UJSDDQRV49J" name="product_page.ProductPageTests" tests="2" failures="0" timestamp="30 авг 2017 12:27:36 GMT" time="25.964" errors="0">
  <testcase name="addToCartAndCheckCartCounter" time="18.261" classname="product_page.ProductPageTests"/>
  <testcase name="addToCartAndContinueShopping" time="7.703" classname="product_page.ProductPageTests"/>
</testsuite> <!-- product_page.ProductPageTests -->
