<?xml version="1.0" encoding="UTF-8"?>
<!-- Generated by org.testng.reporters.JUnitReportReporter -->
<testsuite skipped="0" hostname="WIN-UJSDDQRV49J" name="index.IndexPageTests" tests="3" failures="0" timestamp="30 авг 2017 12:27:36 GMT" time="29.348" errors="0">
  <testcase name="logout" time="8.601" classname="index.IndexPageTests"/>
  <testcase name="searchFromIndexPage" time="7.471" classname="index.IndexPageTests"/>
  <testcase name="loginAndRedirectToDashboardPage" time="13.276" classname="index.IndexPageTests"/>
</testsuite> <!-- index.IndexPageTests -->
