<?xml version="1.0" encoding="UTF-8"?>
<!-- Generated by org.testng.reporters.JUnitReportReporter -->
<testsuite skipped="0" hostname="WIN-UJSDDQRV49J" name="product_page.ProductsWithPromoTests" tests="5" failures="0" timestamp="03 авг 2017 13:39:35 GMT" time="24.624" errors="0">
  <testcase name="promoPopupIsPossibleToClose" time="3.573" classname="product_page.ProductsWithPromoTests"/>
  <testcase name="amountPromoValueInPopup" time="2.109" classname="product_page.ProductsWithPromoTests"/>
  <testcase name="percentPromoValueInPopup" time="2.529" classname="product_page.ProductsWithPromoTests"/>
  <testcase name="percentPromoPopupAppearsEveryTime" time="7.495" classname="product_page.ProductsWithPromoTests"/>
  <testcase name="amountPromoPopupAppearsEveryTime" time="8.918" classname="product_page.ProductsWithPromoTests"/>
</testsuite> <!-- product_page.ProductsWithPromoTests -->
