<?xml version="1.0" encoding="UTF-8"?>
<!-- Generated by org.testng.reporters.JUnitReportReporter -->
<testsuite skipped="0" hostname="WIN-UJSDDQRV49J" name="checkout.OrderedItemsTests" tests="3" failures="0" timestamp="30 авг 2017 12:27:36 GMT" time="29.749" errors="0">
  <testcase name="addTwoProductsAndDeleteOne" time="10.195" classname="checkout.OrderedItemsTests"/>
  <testcase name="increaseItemQty" time="8.456" classname="checkout.OrderedItemsTests"/>
  <testcase name="decreaseItemQty" time="11.098" classname="checkout.OrderedItemsTests"/>
</testsuite> <!-- checkout.OrderedItemsTests -->
