<?xml version="1.0" encoding="UTF-8"?>
<!-- Generated by org.testng.reporters.JUnitReportReporter -->
<testsuite skipped="0" hostname="WIN-UJSDDQRV49J" name="checkout.PromoCodesTests" tests="4" failures="0" timestamp="30 июл 2017 18:45:53 GMT" time="40.034" errors="0">
  <testcase name="addToCartProductWithPercentDiscount" time="8.018" classname="checkout.PromoCodesTests"/>
  <testcase name="addToCartProductWithAmountDiscount" time="7.899" classname="checkout.PromoCodesTests"/>
  <testcase name="increaseProductsWithAmountDiscountQty" time="11.907" classname="checkout.PromoCodesTests"/>
  <testcase name="increaseProductsWithPercentDiscountQty" time="12.210" classname="checkout.PromoCodesTests"/>
</testsuite> <!-- checkout.PromoCodesTests -->
