<?xml version="1.0" encoding="UTF-8"?>
<!-- Generated by org.testng.reporters.JUnitReportReporter -->
<testsuite skipped="0" hostname="WIN-UJSDDQRV49J" name="checkout.OrderedItemsTests" tests="3" failures="0" timestamp="30 июл 2017 18:45:53 GMT" time="49.682" errors="0">
  <testcase name="addTwoProductsAndDeleteOne" time="19.939" classname="checkout.OrderedItemsTests"/>
  <testcase name="decreaseItemQty" time="17.149" classname="checkout.OrderedItemsTests"/>
  <testcase name="increaseItemQty" time="12.594" classname="checkout.OrderedItemsTests"/>
</testsuite> <!-- checkout.OrderedItemsTests -->
