<?xml version="1.0" encoding="UTF-8"?>
<!-- Generated by org.testng.reporters.JUnitReportReporter -->
<testsuite skipped="0" hostname="WIN-UJSDDQRV49J" name="product_page.ProductsWithPromoTests" tests="5" failures="0" timestamp="08 авг 2017 12:06:06 GMT" time="26.395" errors="0">
  <testcase name="promoPopupIsPossibleToClose" time="4.160" classname="product_page.ProductsWithPromoTests"/>
  <testcase name="amountPromoValueInPopup" time="2.189" classname="product_page.ProductsWithPromoTests"/>
  <testcase name="percentPromoValueInPopup" time="2.084" classname="product_page.ProductsWithPromoTests"/>
  <testcase name="amountPromoPopupAppearsEveryTime" time="8.231" classname="product_page.ProductsWithPromoTests"/>
  <testcase name="percentPromoPopupAppearsEveryTime" time="9.731" classname="product_page.ProductsWithPromoTests"/>
</testsuite> <!-- product_page.ProductsWithPromoTests -->
