<?xml version="1.0" encoding="UTF-8"?>
<!-- Generated by org.testng.reporters.JUnitReportReporter -->
<testsuite skipped="7" hostname="WIN-UJSDDQRV49J" name="ShopPageTests" tests="7" failures="0" timestamp="05 июл 2017 20:13:14 GMT" time="0.000" errors="0">
  <testcase name="topSearch" time="0.000" classname="ShopPageTests">
    <skipped/>
  </testcase> <!-- topSearch -->
  <testcase name="priceAreEqualOnShopPageAndOnProductsPage" time="0.000" classname="ShopPageTests">
    <skipped/>
  </testcase> <!-- priceAreEqualOnShopPageAndOnProductsPage -->
  <testcase name="checkPagination" time="0.000" classname="ShopPageTests">
    <skipped/>
  </testcase> <!-- checkPagination -->
  <testcase name="checkSecondQtyOnPageSetting" time="0.000" classname="ShopPageTests">
    <skipped/>
  </testcase> <!-- checkSecondQtyOnPageSetting -->
  <testcase name="checkThirdQtyOnPageSetting" time="0.000" classname="ShopPageTests">
    <skipped/>
  </testcase> <!-- checkThirdQtyOnPageSetting -->
  <testcase name="leftSidebarSearch" time="0.000" classname="ShopPageTests">
    <skipped/>
  </testcase> <!-- leftSidebarSearch -->
  <testcase name="checkFirstQtyOnPageSetting" time="0.000" classname="ShopPageTests">
    <skipped/>
  </testcase> <!-- checkFirstQtyOnPageSetting -->
</testsuite> <!-- ShopPageTests -->
