<?xml version="1.0" encoding="UTF-8"?>
<!-- Generated by org.testng.reporters.JUnitReportReporter -->
<testsuite skipped="0" hostname="WIN-UJSDDQRV49J" name="product_page.ProductPageTests" tests="2" failures="0" timestamp="30 июл 2017 18:45:53 GMT" time="40.103" errors="0">
  <testcase name="addToCartAndCheckCartCounter" time="26.361" classname="product_page.ProductPageTests"/>
  <testcase name="addToCartAndContinueShopping" time="13.742" classname="product_page.ProductPageTests"/>
</testsuite> <!-- product_page.ProductPageTests -->
