<?xml version="1.0" encoding="UTF-8"?>
<!-- Generated by org.testng.reporters.JUnitReportReporter -->
<testsuite skipped="0" hostname="WIN-UJSDDQRV49J" name="checkout.ValidationTests" tests="1" failures="0" timestamp="08 авг 2017 12:06:06 GMT" time="6.614" errors="0">
  <testcase name="emptyEmailField" time="6.614" classname="checkout.ValidationTests"/>
</testsuite> <!-- checkout.ValidationTests -->
