<?xml version="1.0" encoding="UTF-8"?>
<!-- Generated by org.testng.reporters.JUnitReportReporter -->
<testsuite skipped="0" hostname="WIN-UJSDDQRV49J" name="checkout.CheckoutPageTests" tests="2" failures="0" timestamp="30 июл 2017 18:45:53 GMT" time="14.596" errors="0">
  <testcase name="checkShippingPrice" time="6.529" classname="checkout.CheckoutPageTests"/>
  <testcase name="backToStore" time="8.067" classname="checkout.CheckoutPageTests"/>
</testsuite> <!-- checkout.CheckoutPageTests -->
