<?xml version="1.0" encoding="UTF-8"?>
<!-- Generated by org.testng.reporters.JUnitReportReporter -->
<testsuite skipped="0" hostname="WIN-UJSDDQRV49J" name="product_page.AddToCartTests" tests="6" failures="0" timestamp="03 авг 2017 13:39:35 GMT" time="65.077" errors="0">
  <testcase name="addProductTwiceWithDifferentColor" time="17.132" classname="product_page.AddToCartTests"/>
  <testcase name="checkPriceSizeAndColor" time="6.034" classname="product_page.AddToCartTests"/>
  <testcase name="addProductTwiceWithDifferentSize" time="15.856" classname="product_page.AddToCartTests"/>
  <testcase name="addTwoDifferentProductsWithSameSizeAndColor" time="2.171" classname="product_page.AddToCartTests"/>
  <testcase name="addToCart" time="5.537" classname="product_page.AddToCartTests"/>
  <testcase name="addProductTwiceAndCheckQtyAndPrice" time="18.347" classname="product_page.AddToCartTests"/>
</testsuite> <!-- product_page.AddToCartTests -->
