<?xml version="1.0" encoding="UTF-8"?>
<!-- Generated by org.testng.reporters.JUnitReportReporter -->
<testsuite skipped="0" hostname="WIN-UJSDDQRV49J" name="checkout.ValidationTests" tests="1" failures="0" timestamp="03 авг 2017 13:39:35 GMT" time="5.674" errors="0">
  <testcase name="emptyEmailField" time="5.674" classname="checkout.ValidationTests"/>
</testsuite> <!-- checkout.ValidationTests -->
