<?xml version="1.0" encoding="UTF-8"?>
<!-- Generated by org.testng.reporters.JUnitReportReporter -->
<testsuite skipped="0" hostname="WIN-UJSDDQRV49J" name="product_page.ValidationTests" tests="1" failures="0" timestamp="03 авг 2017 13:39:35 GMT" time="2.497" errors="0">
  <testcase name="missingProductSizeValidation" time="2.497" classname="product_page.ValidationTests"/>
</testsuite> <!-- product_page.ValidationTests -->
