<?xml version="1.0" encoding="UTF-8"?>
<!-- Generated by org.testng.reporters.JUnitReportReporter -->
<testsuite skipped="0" hostname="WIN-UJSDDQRV49J" name="product_page.AddToCartTests" tests="6" failures="0" timestamp="30 июл 2017 18:45:53 GMT" time="70.314" errors="0">
  <testcase name="addProductTwiceWithDifferentColor" time="17.518" classname="product_page.AddToCartTests"/>
  <testcase name="addProductTwiceAndCheckQtyAndPrice" time="18.707" classname="product_page.AddToCartTests"/>
  <testcase name="addProductTwiceWithDifferentSize" time="18.302" classname="product_page.AddToCartTests"/>
  <testcase name="checkPriceSizeAndColor" time="7.109" classname="product_page.AddToCartTests"/>
  <testcase name="addToCart" time="6.479" classname="product_page.AddToCartTests"/>
  <testcase name="addTwoDifferentProductsWithSameSizeAndColor" time="2.199" classname="product_page.AddToCartTests"/>
</testsuite> <!-- product_page.AddToCartTests -->
