<?xml version="1.0" encoding="UTF-8"?>
<!-- Generated by org.testng.reporters.JUnitReportReporter -->
<testsuite skipped="0" hostname="WIN-UJSDDQRV49J" name="checkout.OrderedItemsTests" tests="3" failures="0" timestamp="08 авг 2017 12:06:06 GMT" time="39.613" errors="0">
  <testcase name="increaseItemQty" time="9.150" classname="checkout.OrderedItemsTests"/>
  <testcase name="decreaseItemQty" time="12.598" classname="checkout.OrderedItemsTests"/>
  <testcase name="addTwoProductsAndDeleteOne" time="17.865" classname="checkout.OrderedItemsTests"/>
</testsuite> <!-- checkout.OrderedItemsTests -->
