<?xml version="1.0" encoding="UTF-8"?>
<!-- Generated by org.testng.reporters.JUnitReportReporter -->
<testsuite skipped="0" hostname="WIN-UJSDDQRV49J" name="product_page.ProductsWithPromoTests" tests="5" failures="0" timestamp="30 авг 2017 12:27:36 GMT" time="78.135" errors="0">
  <testcase name="promoPopupIsPossibleToClose" time="2.907" classname="product_page.ProductsWithPromoTests"/>
  <testcase name="amountPromoPopupAppearsEveryTime" time="6.291" classname="product_page.ProductsWithPromoTests"/>
  <testcase name="percentPromoPopupAppearsEveryTime" time="63.317" classname="product_page.ProductsWithPromoTests"/>
  <testcase name="percentPromoValueInPopup" time="2.461" classname="product_page.ProductsWithPromoTests"/>
  <testcase name="amountPromoValueInPopup" time="3.159" classname="product_page.ProductsWithPromoTests"/>
</testsuite> <!-- product_page.ProductsWithPromoTests -->
