<?xml version="1.0" encoding="UTF-8"?>
<!-- Generated by org.testng.reporters.JUnitReportReporter -->
<testsuite skipped="0" hostname="WIN-UJSDDQRV49J" name="CheckoutValidationTests" tests="1" failures="0" timestamp="05 июл 2017 20:13:14 GMT" time="7.347" errors="0">
  <testcase name="emptyEmailField" time="7.347" classname="CheckoutValidationTests"/>
</testsuite> <!-- CheckoutValidationTests -->
