<?xml version="1.0" encoding="UTF-8"?>
<!-- Generated by org.testng.reporters.JUnitReportReporter -->
<testsuite skipped="0" hostname="WIN-UJSDDQRV49J" name="index.IndexPageTests" tests="3" failures="0" timestamp="03 авг 2017 13:39:35 GMT" time="25.397" errors="0">
  <testcase name="logout" time="9.875" classname="index.IndexPageTests"/>
  <testcase name="searchFromIndexPage" time="6.234" classname="index.IndexPageTests"/>
  <testcase name="loginAndRedirectToDashboardPage" time="9.288" classname="index.IndexPageTests"/>
</testsuite> <!-- index.IndexPageTests -->
