<?xml version="1.0" encoding="UTF-8"?>
<!-- Generated by org.testng.reporters.JUnitReportReporter -->
<testsuite skipped="0" hostname="WIN-UJSDDQRV49J" name="checkout.CheckoutPageTests" tests="2" failures="0" timestamp="03 авг 2017 13:39:35 GMT" time="12.678" errors="0">
  <testcase name="backToStore" time="7.561" classname="checkout.CheckoutPageTests"/>
  <testcase name="checkShippingPrice" time="5.117" classname="checkout.CheckoutPageTests"/>
</testsuite> <!-- checkout.CheckoutPageTests -->
