<?xml version="1.0" encoding="UTF-8"?>
<!-- Generated by org.testng.reporters.JUnitReportReporter -->
<testsuite skipped="0" hostname="WIN-UJSDDQRV49J" name="index.IndexPageTests" tests="3" failures="0" timestamp="30 июл 2017 18:45:53 GMT" time="19.433" errors="0">
  <testcase name="logout" time="7.889" classname="index.IndexPageTests"/>
  <testcase name="searchFromIndexPage" time="4.109" classname="index.IndexPageTests"/>
  <testcase name="loginAndRedirectToDashboardPage" time="7.435" classname="index.IndexPageTests"/>
</testsuite> <!-- index.IndexPageTests -->
