<?xml version="1.0" encoding="UTF-8"?>
<!-- Generated by org.testng.reporters.JUnitReportReporter -->
<testsuite skipped="0" hostname="WIN-UJSDDQRV49J" name="product_page.ValidationTests" tests="1" failures="0" timestamp="30 июл 2017 18:45:53 GMT" time="2.904" errors="0">
  <testcase name="missingProductSizeValidation" time="2.904" classname="product_page.ValidationTests"/>
</testsuite> <!-- product_page.ValidationTests -->
