<?xml version="1.0" encoding="UTF-8"?>
<!-- Generated by org.testng.reporters.JUnitReportReporter -->
<testsuite skipped="1" hostname="WIN-UJSDDQRV49J" name="ProductsPriceTests" tests="1" failures="0" timestamp="05 июл 2017 20:13:14 GMT" time="0.000" errors="0">
  <testcase name="realPrice" time="0.000" classname="ProductsPriceTests">
    <skipped/>
  </testcase> <!-- realPrice -->
</testsuite> <!-- ProductsPriceTests -->
