<?xml version="1.0" encoding="UTF-8"?>
<!-- Generated by org.testng.reporters.JUnitReportReporter -->
<testsuite skipped="2" hostname="WIN-UJSDDQRV49J" name="TestSikuli" tests="2" failures="0" timestamp="05 июл 2017 20:13:14 GMT" time="0.000" errors="0">
  <testcase name="saveIMG" time="0.000" classname="TestSikuli">
    <skipped/>
  </testcase> <!-- saveIMG -->
  <testcase name="compareIMG" time="0.000" classname="TestSikuli">
    <skipped/>
  </testcase> <!-- compareIMG -->
</testsuite> <!-- TestSikuli -->
