<?xml version="1.0" encoding="UTF-8"?>
<!-- Generated by org.testng.reporters.JUnitReportReporter -->
<testsuite skipped="2" hostname="WIN-UJSDDQRV49J" name="OrderTests" tests="2" failures="0" timestamp="05 июл 2017 20:13:14 GMT" time="0.000" errors="0">
  <testcase name="authorizedUserOrder" time="0.000" classname="OrderTests">
    <skipped/>
  </testcase> <!-- authorizedUserOrder -->
  <testcase name="guestOrder" time="0.000" classname="OrderTests">
    <skipped/>
  </testcase> <!-- guestOrder -->
</testsuite> <!-- OrderTests -->
