<?xml version="1.0" encoding="UTF-8"?>
<!-- Generated by org.testng.reporters.JUnitReportReporter -->
<testsuite skipped="0" hostname="WIN-UJSDDQRV49J" name="product_page.ProductPageTests" tests="2" failures="0" timestamp="03 авг 2017 13:39:35 GMT" time="43.580" errors="0">
  <testcase name="addToCartAndContinueShopping" time="15.974" classname="product_page.ProductPageTests"/>
  <testcase name="addToCartAndCheckCartCounter" time="27.606" classname="product_page.ProductPageTests"/>
</testsuite> <!-- product_page.ProductPageTests -->
