<?xml version="1.0" encoding="UTF-8"?>
<!-- Generated by org.testng.reporters.JUnitReportReporter -->
<testsuite skipped="0" hostname="WIN-UJSDDQRV49J" name="checkout.ValidationTests" tests="1" failures="0" timestamp="30 авг 2017 12:27:36 GMT" time="4.604" errors="0">
  <testcase name="emptyEmailField" time="4.604" classname="checkout.ValidationTests"/>
</testsuite> <!-- checkout.ValidationTests -->
