<?xml version="1.0" encoding="UTF-8"?>
<!-- Generated by org.testng.reporters.JUnitReportReporter -->
<testsuite skipped="0" hostname="WIN-UJSDDQRV49J" name="product_page.AddToCartTests" tests="6" failures="0" timestamp="08 авг 2017 12:06:06 GMT" time="62.471" errors="0">
  <testcase name="addProductTwiceWithDifferentColor" time="17.090" classname="product_page.AddToCartTests"/>
  <testcase name="addProductTwiceWithDifferentSize" time="15.997" classname="product_page.AddToCartTests"/>
  <testcase name="checkPriceSizeAndColor" time="4.877" classname="product_page.AddToCartTests"/>
  <testcase name="addToCart" time="4.960" classname="product_page.AddToCartTests"/>
  <testcase name="addTwoDifferentProductsWithSameSizeAndColor" time="2.279" classname="product_page.AddToCartTests"/>
  <testcase name="addProductTwiceAndCheckQtyAndPrice" time="17.268" classname="product_page.AddToCartTests"/>
</testsuite> <!-- product_page.AddToCartTests -->
